mars 25, 2020 12:02:11 AM ui.UILog log
INFOS: File 2020_03_25.log is created!

mars 25, 2020 12:02:11 AM ui.UILog log
INFOS: Daily output print directory [.\print\2020_03_25] created !
open_sheet sub directory [.\print\2020_03_25\open_sheet] created !
Print sub directory [.\print\2020_03_25\closing_sheet] created !
Print sub directory [.\print\2020_03_25\picking_label] created !
Print sub directory [.\print\2020_03_25\dispatch_label] created !

mars 25, 2020 12:02:11 AM ui.UILog log
INFOS: SELECT DISTINCT (cp.project) FROM ConfigProject cp ORDER BY project ASC
mars 25, 2020 12:02:11 AM ui.UILog log
INFOS: SELECT DISTINCT (cp.project) FROM ConfigProject cp ORDER BY project ASC
mars 25, 2020 12:41:43 AM ui.UILog log
INFOS: File 2020_03_25.log already exists.

mars 25, 2020 12:41:43 AM ui.UILog log
INFOS: Daily output print directory [.\print\2020_03_25] already exist!
open_sheet sub directory [.\print\2020_03_25\open_sheet] already exist!
Print sub directory [.\print\2020_03_25\closing_sheet] already exist!
Print sub directory [.\print\2020_03_25\picking_label] already exist!
Print sub directory [.\print\2020_03_25\dispatch_label] already exist!

mars 25, 2020 12:41:44 AM ui.UILog log
INFOS: SELECT DISTINCT (cp.project) FROM ConfigProject cp ORDER BY project ASC
mars 25, 2020 12:41:44 AM ui.UILog log
INFOS: SELECT DISTINCT (cp.project) FROM ConfigProject cp ORDER BY project ASC
mars 25, 2020 12:42:44 AM ui.UILog log
INFOS: File 2020_03_25.log already exists.

mars 25, 2020 12:42:44 AM ui.UILog log
INFOS: Daily output print directory [.\print\2020_03_25] already exist!
open_sheet sub directory [.\print\2020_03_25\open_sheet] already exist!
Print sub directory [.\print\2020_03_25\closing_sheet] already exist!
Print sub directory [.\print\2020_03_25\picking_label] already exist!
Print sub directory [.\print\2020_03_25\dispatch_label] already exist!

mars 25, 2020 12:42:44 AM ui.UILog log
INFOS: SELECT DISTINCT (cp.project) FROM ConfigProject cp ORDER BY project ASC
mars 25, 2020 12:42:44 AM ui.UILog log
INFOS: SELECT DISTINCT (cp.project) FROM ConfigProject cp ORDER BY project ASC
mars 25, 2020 12:44:12 AM ui.UILog log
INFOS: File 2020_03_25.log already exists.

mars 25, 2020 12:44:13 AM ui.UILog log
INFOS: Daily output print directory [.\print\2020_03_25] already exist!
open_sheet sub directory [.\print\2020_03_25\open_sheet] already exist!
Print sub directory [.\print\2020_03_25\closing_sheet] already exist!
Print sub directory [.\print\2020_03_25\picking_label] already exist!
Print sub directory [.\print\2020_03_25\dispatch_label] already exist!

mars 25, 2020 12:44:15 AM ui.UILog log
INFOS: APP_INFO0003 : User EZZIOURI OUSSAMA / 9 connected to host Oussama-PC at 2020-03-25 00:44:15 Module : Configuration : .
mars 25, 2020 12:44:19 AM ui.UILog log
INFOS: SELECT DISTINCT (cp.project) FROM ConfigProject cp ORDER BY project ASC
mars 25, 2020 12:44:19 AM ui.UILog log
INFOS: SELECT DISTINCT (cp.project) FROM ConfigProject cp ORDER BY project ASC
mars 25, 2020 12:50:38 AM ui.UILog log
INFOS: File 2020_03_25.log already exists.

mars 25, 2020 12:50:38 AM ui.UILog log
INFOS: Daily output print directory [.\print\2020_03_25] already exist!
open_sheet sub directory [.\print\2020_03_25\open_sheet] already exist!
Print sub directory [.\print\2020_03_25\closing_sheet] already exist!
Print sub directory [.\print\2020_03_25\picking_label] already exist!
Print sub directory [.\print\2020_03_25\dispatch_label] already exist!

mars 25, 2020 12:50:39 AM ui.UILog log
INFOS: APP_INFO0003 : User EZZIOURI OUSSAMA / 9 connected to host Oussama-PC at 2020-03-25 00:50:39 Module : Configuration : .
mars 25, 2020 12:50:42 AM ui.UILog log
INFOS: SELECT DISTINCT (cp.project) FROM ConfigProject cp ORDER BY project ASC
mars 25, 2020 12:50:42 AM ui.UILog log
INFOS: SELECT DISTINCT (cp.project) FROM ConfigProject cp ORDER BY project ASC
mars 25, 2020 12:54:52 AM ui.UILog log
INFOS: File 2020_03_25.log already exists.

mars 25, 2020 12:54:52 AM ui.UILog log
INFOS: Daily output print directory [.\print\2020_03_25] already exist!
open_sheet sub directory [.\print\2020_03_25\open_sheet] already exist!
Print sub directory [.\print\2020_03_25\closing_sheet] already exist!
Print sub directory [.\print\2020_03_25\picking_label] already exist!
Print sub directory [.\print\2020_03_25\dispatch_label] already exist!

mars 25, 2020 12:54:54 AM ui.UILog log
INFOS: APP_INFO0003 : User EZZIOURI OUSSAMA / 9 connected to host Oussama-PC at 2020-03-25 00:54:54 Module : Configuration : .
mars 25, 2020 12:54:57 AM ui.UILog log
INFOS: SELECT DISTINCT (cp.project) FROM ConfigProject cp ORDER BY project ASC
mars 25, 2020 12:54:57 AM ui.UILog log
INFOS: SELECT DISTINCT (cp.project) FROM ConfigProject cp ORDER BY project ASC
mars 25, 2020 12:57:52 AM ui.UILog log
INFOS: File 2020_03_25.log already exists.

mars 25, 2020 12:57:52 AM ui.UILog log
INFOS: Daily output print directory [.\print\2020_03_25] already exist!
open_sheet sub directory [.\print\2020_03_25\open_sheet] already exist!
Print sub directory [.\print\2020_03_25\closing_sheet] already exist!
Print sub directory [.\print\2020_03_25\picking_label] already exist!
Print sub directory [.\print\2020_03_25\dispatch_label] already exist!

mars 25, 2020 12:57:54 AM ui.UILog log
INFOS: APP_INFO0003 : User EZZIOURI OUSSAMA / 9 connected to host Oussama-PC at 2020-03-25 00:57:54 Module : Configuration : .
mars 25, 2020 12:57:58 AM ui.UILog log
INFOS: SELECT DISTINCT (cp.project) FROM ConfigProject cp ORDER BY project ASC
mars 25, 2020 12:57:58 AM ui.UILog log
INFOS: SELECT DISTINCT (cp.project) FROM ConfigProject cp ORDER BY project ASC
mars 25, 2020 6:59:06 AM ui.UILog log
INFOS: File 2020_03_25.log already exists.

mars 25, 2020 6:59:06 AM ui.UILog log
INFOS: Daily output print directory [.\print\2020_03_25] already exist!
open_sheet sub directory [.\print\2020_03_25\open_sheet] already exist!
Print sub directory [.\print\2020_03_25\closing_sheet] already exist!
Print sub directory [.\print\2020_03_25\picking_label] already exist!
Print sub directory [.\print\2020_03_25\dispatch_label] already exist!

