mars 21, 2020 9:00:23 AM ui.UILog log
INFOS: File 2020_03_21.log is created!

mars 21, 2020 9:00:23 AM ui.UILog log
INFOS: Daily output print directory [.\print\2020_03_21] created !
open_sheet sub directory [.\print\2020_03_21\open_sheet] created !
Print sub directory [.\print\2020_03_21\closing_sheet] created !
Print sub directory [.\print\2020_03_21\picking_label] created !
Print sub directory [.\print\2020_03_21\dispatch_label] created !

mars 21, 2020 9:01:38 AM ui.UILog log
INFOS: APP_INFO0003 : User EZZIOURI OUSSAMA / 9 connected to host Oussama-PC at 2020-03-21 09:01:38 Module : Configuration : .
mars 21, 2020 9:24:31 AM ui.UILog log
INFOS: File 2020_03_21.log already exists.

mars 21, 2020 9:24:31 AM ui.UILog log
INFOS: Daily output print directory [.\print\2020_03_21] already exist!
open_sheet sub directory [.\print\2020_03_21\open_sheet] already exist!
Print sub directory [.\print\2020_03_21\closing_sheet] already exist!
Print sub directory [.\print\2020_03_21\picking_label] already exist!
Print sub directory [.\print\2020_03_21\dispatch_label] already exist!

mars 21, 2020 9:24:35 AM ui.UILog log
INFOS: APP_INFO0003 : User EZZIOURI OUSSAMA / 9 connected to host Oussama-PC at 2020-03-21 09:24:35 Module : Configuration : .
mars 21, 2020 9:42:32 AM ui.UILog log
INFOS: File 2020_03_21.log already exists.

mars 21, 2020 9:42:32 AM ui.UILog log
INFOS: Daily output print directory [.\print\2020_03_21] already exist!
open_sheet sub directory [.\print\2020_03_21\open_sheet] already exist!
Print sub directory [.\print\2020_03_21\closing_sheet] already exist!
Print sub directory [.\print\2020_03_21\picking_label] already exist!
Print sub directory [.\print\2020_03_21\dispatch_label] already exist!

mars 21, 2020 9:42:38 AM ui.UILog log
INFOS: APP_INFO0003 : User EZZIOURI OUSSAMA / 9 connected to host Oussama-PC at 2020-03-21 09:42:38 Module : Configuration : .
mars 21, 2020 9:43:49 AM ui.UILog log
INFOS: File 2020_03_21.log already exists.

mars 21, 2020 9:43:49 AM ui.UILog log
INFOS: Daily output print directory [.\print\2020_03_21] already exist!
open_sheet sub directory [.\print\2020_03_21\open_sheet] already exist!
Print sub directory [.\print\2020_03_21\closing_sheet] already exist!
Print sub directory [.\print\2020_03_21\picking_label] already exist!
Print sub directory [.\print\2020_03_21\dispatch_label] already exist!

mars 21, 2020 9:43:50 AM ui.UILog log
INFOS: APP_INFO0003 : User EZZIOURI OUSSAMA / 9 connected to host Oussama-PC at 2020-03-21 09:43:50 Module : Configuration : .
mars 21, 2020 10:23:41 AM ui.UILog log
INFOS: File 2020_03_21.log already exists.

mars 21, 2020 10:23:41 AM ui.UILog log
INFOS: Daily output print directory [.\print\2020_03_21] already exist!
open_sheet sub directory [.\print\2020_03_21\open_sheet] already exist!
Print sub directory [.\print\2020_03_21\closing_sheet] already exist!
Print sub directory [.\print\2020_03_21\picking_label] already exist!
Print sub directory [.\print\2020_03_21\dispatch_label] already exist!

mars 21, 2020 11:40:39 AM ui.UILog log
INFOS: File 2020_03_21.log already exists.

mars 21, 2020 11:40:39 AM ui.UILog log
INFOS: Daily output print directory [.\print\2020_03_21] already exist!
open_sheet sub directory [.\print\2020_03_21\open_sheet] already exist!
Print sub directory [.\print\2020_03_21\closing_sheet] already exist!
Print sub directory [.\print\2020_03_21\picking_label] already exist!
Print sub directory [.\print\2020_03_21\dispatch_label] already exist!

mars 21, 2020 11:46:47 AM ui.UILog log
INFOS: File 2020_03_21.log already exists.

mars 21, 2020 11:46:47 AM ui.UILog log
INFOS: Daily output print directory [.\print\2020_03_21] already exist!
open_sheet sub directory [.\print\2020_03_21\open_sheet] already exist!
Print sub directory [.\print\2020_03_21\closing_sheet] already exist!
Print sub directory [.\print\2020_03_21\picking_label] already exist!
Print sub directory [.\print\2020_03_21\dispatch_label] already exist!

mars 21, 2020 11:46:49 AM ui.UILog log
INFOS: APP_INFO0003 : User EZZIOURI OUSSAMA / 9 connected to host Oussama-PC at 2020-03-21 11:46:49 Module : Configuration : .
mars 21, 2020 11:57:50 AM ui.UILog log
INFOS: File 2020_03_21.log already exists.

mars 21, 2020 11:57:50 AM ui.UILog log
INFOS: Daily output print directory [.\print\2020_03_21] already exist!
open_sheet sub directory [.\print\2020_03_21\open_sheet] already exist!
Print sub directory [.\print\2020_03_21\closing_sheet] already exist!
Print sub directory [.\print\2020_03_21\picking_label] already exist!
Print sub directory [.\print\2020_03_21\dispatch_label] already exist!

mars 21, 2020 11:57:52 AM ui.UILog log
INFOS: APP_INFO0003 : User EZZIOURI OUSSAMA / 9 connected to host Oussama-PC at 2020-03-21 11:57:52 Module : Configuration : .
mars 21, 2020 11:59:23 AM ui.UILog log
INFOS: File 2020_03_21.log already exists.

mars 21, 2020 11:59:23 AM ui.UILog log
INFOS: Daily output print directory [.\print\2020_03_21] already exist!
open_sheet sub directory [.\print\2020_03_21\open_sheet] already exist!
Print sub directory [.\print\2020_03_21\closing_sheet] already exist!
Print sub directory [.\print\2020_03_21\picking_label] already exist!
Print sub directory [.\print\2020_03_21\dispatch_label] already exist!

mars 21, 2020 11:59:24 AM ui.UILog log
INFOS: APP_INFO0003 : User EZZIOURI OUSSAMA / 9 connected to host Oussama-PC at 2020-03-21 11:59:24 Module : Configuration : .
mars 21, 2020 12:00:25 PM ui.UILog log
INFOS: Importation terminée !
mars 21, 2020 12:01:54 PM ui.UILog log
INFOS: File 2020_03_21.log already exists.

mars 21, 2020 12:01:54 PM ui.UILog log
INFOS: Daily output print directory [.\print\2020_03_21] already exist!
open_sheet sub directory [.\print\2020_03_21\open_sheet] already exist!
Print sub directory [.\print\2020_03_21\closing_sheet] already exist!
Print sub directory [.\print\2020_03_21\picking_label] already exist!
Print sub directory [.\print\2020_03_21\dispatch_label] already exist!

mars 21, 2020 12:01:55 PM ui.UILog log
INFOS: APP_INFO0003 : User EZZIOURI OUSSAMA / 9 connected to host Oussama-PC at 2020-03-21 12:01:55 Module : Configuration : .
mars 21, 2020 12:02:02 PM ui.UILog log
INFOS: Fichier enregistré dans C:\Users\Oussama\Desktop\PLANNING.csv
mars 21, 2020 12:02:22 PM ui.UILog log
INFOS: File 2020_03_21.log already exists.

mars 21, 2020 12:02:22 PM ui.UILog log
INFOS: Daily output print directory [.\print\2020_03_21] already exist!
open_sheet sub directory [.\print\2020_03_21\open_sheet] already exist!
Print sub directory [.\print\2020_03_21\closing_sheet] already exist!
Print sub directory [.\print\2020_03_21\picking_label] already exist!
Print sub directory [.\print\2020_03_21\dispatch_label] already exist!

mars 21, 2020 12:02:23 PM ui.UILog log
INFOS: APP_INFO0003 : User EZZIOURI OUSSAMA / 9 connected to host Oussama-PC at 2020-03-21 12:02:23 Module : Configuration : .
mars 21, 2020 12:05:15 PM ui.UILog log
INFOS: SELECT DISTINCT (cp.project) FROM ConfigProject cp ORDER BY project ASC
mars 21, 2020 12:05:21 PM ui.UILog log
INFOS: FROM ConfigProject cp ORDER BY project ASC
mars 21, 2020 12:10:33 PM ui.UILog log
INFOS: File 2020_03_21.log already exists.

mars 21, 2020 12:10:33 PM ui.UILog log
INFOS: Daily output print directory [.\print\2020_03_21] already exist!
open_sheet sub directory [.\print\2020_03_21\open_sheet] already exist!
Print sub directory [.\print\2020_03_21\closing_sheet] already exist!
Print sub directory [.\print\2020_03_21\picking_label] already exist!
Print sub directory [.\print\2020_03_21\dispatch_label] already exist!

mars 21, 2020 12:10:34 PM ui.UILog log
INFOS: APP_INFO0003 : User EZZIOURI OUSSAMA / 9 connected to host Oussama-PC at 2020-03-21 12:10:34 Module : Configuration : .
mars 21, 2020 12:10:48 PM ui.UILog log
INFOS: SELECT DISTINCT (cp.project) FROM ConfigProject cp ORDER BY project ASC
mars 21, 2020 12:10:52 PM ui.UILog log
INFOS: FROM ConfigProject cp ORDER BY project ASC
mars 21, 2020 12:15:20 PM ui.UILog log
INFOS: File 2020_03_21.log already exists.

mars 21, 2020 12:15:20 PM ui.UILog log
INFOS: Daily output print directory [.\print\2020_03_21] already exist!
open_sheet sub directory [.\print\2020_03_21\open_sheet] already exist!
Print sub directory [.\print\2020_03_21\closing_sheet] already exist!
Print sub directory [.\print\2020_03_21\picking_label] already exist!
Print sub directory [.\print\2020_03_21\dispatch_label] already exist!

mars 21, 2020 12:15:21 PM ui.UILog log
INFOS: APP_INFO0003 : User EZZIOURI OUSSAMA / 9 connected to host Oussama-PC at 2020-03-21 12:15:21 Module : Configuration : .
mars 21, 2020 12:15:27 PM ui.UILog log
INFOS: SELECT DISTINCT (cp.project) FROM ConfigProject cp ORDER BY project ASC
mars 21, 2020 12:15:30 PM ui.UILog log
INFOS: FROM ConfigProject cp ORDER BY project ASC
mars 21, 2020 12:16:14 PM ui.UILog log
INFOS: File 2020_03_21.log already exists.

mars 21, 2020 12:16:14 PM ui.UILog log
INFOS: Daily output print directory [.\print\2020_03_21] already exist!
open_sheet sub directory [.\print\2020_03_21\open_sheet] already exist!
Print sub directory [.\print\2020_03_21\closing_sheet] already exist!
Print sub directory [.\print\2020_03_21\picking_label] already exist!
Print sub directory [.\print\2020_03_21\dispatch_label] already exist!

mars 21, 2020 12:16:15 PM ui.UILog log
INFOS: APP_INFO0003 : User EZZIOURI OUSSAMA / 9 connected to host Oussama-PC at 2020-03-21 12:16:15 Module : Configuration : .
mars 21, 2020 12:16:17 PM ui.UILog log
INFOS: SELECT DISTINCT (cp.project) FROM ConfigProject cp ORDER BY project ASC
mars 21, 2020 12:16:20 PM ui.UILog log
INFOS: FROM ConfigProject cp ORDER BY project ASC
mars 21, 2020 12:17:35 PM ui.UILog log
INFOS: File 2020_03_21.log already exists.

mars 21, 2020 12:17:35 PM ui.UILog log
INFOS: Daily output print directory [.\print\2020_03_21] already exist!
open_sheet sub directory [.\print\2020_03_21\open_sheet] already exist!
Print sub directory [.\print\2020_03_21\closing_sheet] already exist!
Print sub directory [.\print\2020_03_21\picking_label] already exist!
Print sub directory [.\print\2020_03_21\dispatch_label] already exist!

mars 21, 2020 12:17:36 PM ui.UILog log
INFOS: APP_INFO0003 : User EZZIOURI OUSSAMA / 9 connected to host Oussama-PC at 2020-03-21 12:17:36 Module : Configuration : .
mars 21, 2020 12:17:39 PM ui.UILog log
INFOS: SELECT DISTINCT (cp.project) FROM ConfigProject cp ORDER BY project ASC
mars 21, 2020 12:17:42 PM ui.UILog log
INFOS: FROM ConfigProject cp ORDER BY project ASC
mars 21, 2020 12:48:53 PM ui.UILog log
INFOS: File 2020_03_21.log already exists.

mars 21, 2020 12:48:53 PM ui.UILog log
INFOS: Daily output print directory [.\print\2020_03_21] already exist!
open_sheet sub directory [.\print\2020_03_21\open_sheet] already exist!
Print sub directory [.\print\2020_03_21\closing_sheet] already exist!
Print sub directory [.\print\2020_03_21\picking_label] already exist!
Print sub directory [.\print\2020_03_21\dispatch_label] already exist!

mars 21, 2020 1:05:58 PM ui.UILog log
INFOS: APP_INFO0003 : User EZZIOURI OUSSAMA / 9 connected to host Oussama-PC at 2020-03-21 13:05:58 Module : Configuration : .
mars 21, 2020 1:06:59 PM ui.UILog log
INFOS: File 2020_03_21.log already exists.

mars 21, 2020 1:06:59 PM ui.UILog log
INFOS: Daily output print directory [.\print\2020_03_21] already exist!
open_sheet sub directory [.\print\2020_03_21\open_sheet] already exist!
Print sub directory [.\print\2020_03_21\closing_sheet] already exist!
Print sub directory [.\print\2020_03_21\picking_label] already exist!
Print sub directory [.\print\2020_03_21\dispatch_label] already exist!

mars 21, 2020 1:07:00 PM ui.UILog log
INFOS: APP_INFO0003 : User EZZIOURI OUSSAMA / 9 connected to host Oussama-PC at 2020-03-21 13:07:00 Module : Configuration : .
mars 21, 2020 1:08:07 PM ui.UILog log
INFOS: Importation terminée !
mars 21, 2020 1:09:00 PM ui.UILog log
INFOS: Importation terminée !
mars 21, 2020 1:10:51 PM ui.UILog log
INFOS: File 2020_03_21.log already exists.

mars 21, 2020 1:10:51 PM ui.UILog log
INFOS: Daily output print directory [.\print\2020_03_21] already exist!
open_sheet sub directory [.\print\2020_03_21\open_sheet] already exist!
Print sub directory [.\print\2020_03_21\closing_sheet] already exist!
Print sub directory [.\print\2020_03_21\picking_label] already exist!
Print sub directory [.\print\2020_03_21\dispatch_label] already exist!

mars 21, 2020 1:10:52 PM ui.UILog log
INFOS: APP_INFO0003 : User EZZIOURI OUSSAMA / 9 connected to host Oussama-PC at 2020-03-21 13:10:52 Module : Configuration : .
