mars 24, 2020 7:35:19 AM ui.UILog log
INFOS: File 2020_03_24.log is created!

mars 24, 2020 7:35:19 AM ui.UILog log
INFOS: Daily output print directory [.\print\2020_03_24] created !
open_sheet sub directory [.\print\2020_03_24\open_sheet] created !
Print sub directory [.\print\2020_03_24\closing_sheet] created !
Print sub directory [.\print\2020_03_24\picking_label] created !
Print sub directory [.\print\2020_03_24\dispatch_label] created !

mars 24, 2020 7:35:24 AM ui.UILog log
INFOS: APP_INFO0003 : User EZZIOURI OUSSAMA / 9 connected to host Oussama-PC at 2020-03-24 07:35:24 Module : Configuration : .
mars 24, 2020 7:35:27 AM ui.UILog log
INFOS: SELECT DISTINCT (cp.project) FROM ConfigProject cp ORDER BY project ASC
mars 24, 2020 7:35:27 AM ui.UILog log
INFOS: SELECT DISTINCT (cp.project) FROM ConfigProject cp ORDER BY project ASC
mars 24, 2020 7:39:11 AM ui.UILog log
INFOS: File 2020_03_24.log already exists.

mars 24, 2020 7:39:11 AM ui.UILog log
INFOS: Daily output print directory [.\print\2020_03_24] already exist!
open_sheet sub directory [.\print\2020_03_24\open_sheet] already exist!
Print sub directory [.\print\2020_03_24\closing_sheet] already exist!
Print sub directory [.\print\2020_03_24\picking_label] already exist!
Print sub directory [.\print\2020_03_24\dispatch_label] already exist!

mars 24, 2020 7:39:11 AM ui.UILog log
INFOS: SELECT DISTINCT (cp.project) FROM ConfigProject cp ORDER BY project ASC
mars 24, 2020 7:39:11 AM ui.UILog log
INFOS: SELECT DISTINCT (cp.project) FROM ConfigProject cp ORDER BY project ASC
mars 24, 2020 7:40:20 AM ui.UILog log
INFOS: File 2020_03_24.log already exists.

mars 24, 2020 7:40:20 AM ui.UILog log
INFOS: Daily output print directory [.\print\2020_03_24] already exist!
open_sheet sub directory [.\print\2020_03_24\open_sheet] already exist!
Print sub directory [.\print\2020_03_24\closing_sheet] already exist!
Print sub directory [.\print\2020_03_24\picking_label] already exist!
Print sub directory [.\print\2020_03_24\dispatch_label] already exist!

mars 24, 2020 7:40:21 AM ui.UILog log
INFOS: SELECT DISTINCT (cp.project) FROM ConfigProject cp ORDER BY project ASC
mars 24, 2020 7:40:21 AM ui.UILog log
INFOS: SELECT DISTINCT (cp.project) FROM ConfigProject cp ORDER BY project ASC
mars 24, 2020 8:11:19 AM ui.UILog log
INFOS: File 2020_03_24.log already exists.

mars 24, 2020 8:11:19 AM ui.UILog log
INFOS: Daily output print directory [.\print\2020_03_24] already exist!
open_sheet sub directory [.\print\2020_03_24\open_sheet] already exist!
Print sub directory [.\print\2020_03_24\closing_sheet] already exist!
Print sub directory [.\print\2020_03_24\picking_label] already exist!
Print sub directory [.\print\2020_03_24\dispatch_label] already exist!

mars 24, 2020 8:11:20 AM ui.UILog log
INFOS: SELECT DISTINCT (cp.project) FROM ConfigProject cp ORDER BY project ASC
mars 24, 2020 8:11:20 AM ui.UILog log
INFOS: SELECT DISTINCT (cp.project) FROM ConfigProject cp ORDER BY project ASC
mars 24, 2020 8:26:37 AM ui.UILog log
INFOS: File 2020_03_24.log already exists.

mars 24, 2020 8:26:37 AM ui.UILog log
INFOS: Daily output print directory [.\print\2020_03_24] already exist!
open_sheet sub directory [.\print\2020_03_24\open_sheet] already exist!
Print sub directory [.\print\2020_03_24\closing_sheet] already exist!
Print sub directory [.\print\2020_03_24\picking_label] already exist!
Print sub directory [.\print\2020_03_24\dispatch_label] already exist!

mars 24, 2020 8:26:38 AM ui.UILog log
INFOS: SELECT DISTINCT (cp.project) FROM ConfigProject cp ORDER BY project ASC
mars 24, 2020 8:26:38 AM ui.UILog log
INFOS: SELECT DISTINCT (cp.project) FROM ConfigProject cp ORDER BY project ASC
mars 24, 2020 8:37:14 AM ui.UILog log
INFOS: File 2020_03_24.log already exists.

mars 24, 2020 8:37:14 AM ui.UILog log
INFOS: Daily output print directory [.\print\2020_03_24] already exist!
open_sheet sub directory [.\print\2020_03_24\open_sheet] already exist!
Print sub directory [.\print\2020_03_24\closing_sheet] already exist!
Print sub directory [.\print\2020_03_24\picking_label] already exist!
Print sub directory [.\print\2020_03_24\dispatch_label] already exist!

mars 24, 2020 8:37:15 AM ui.UILog log
INFOS: SELECT DISTINCT (cp.project) FROM ConfigProject cp ORDER BY project ASC
mars 24, 2020 8:37:15 AM ui.UILog log
INFOS: SELECT DISTINCT (cp.project) FROM ConfigProject cp ORDER BY project ASC
mars 24, 2020 8:38:10 AM ui.UILog log
INFOS: File 2020_03_24.log already exists.

mars 24, 2020 8:38:10 AM ui.UILog log
INFOS: Daily output print directory [.\print\2020_03_24] already exist!
open_sheet sub directory [.\print\2020_03_24\open_sheet] already exist!
Print sub directory [.\print\2020_03_24\closing_sheet] already exist!
Print sub directory [.\print\2020_03_24\picking_label] already exist!
Print sub directory [.\print\2020_03_24\dispatch_label] already exist!

mars 24, 2020 8:38:10 AM ui.UILog log
INFOS: SELECT DISTINCT (cp.project) FROM ConfigProject cp ORDER BY project ASC
mars 24, 2020 8:38:10 AM ui.UILog log
INFOS: SELECT DISTINCT (cp.project) FROM ConfigProject cp ORDER BY project ASC
mars 24, 2020 8:52:28 AM ui.UILog log
INFOS: File 2020_03_24.log already exists.

mars 24, 2020 8:52:28 AM ui.UILog log
INFOS: Daily output print directory [.\print\2020_03_24] already exist!
open_sheet sub directory [.\print\2020_03_24\open_sheet] already exist!
Print sub directory [.\print\2020_03_24\closing_sheet] already exist!
Print sub directory [.\print\2020_03_24\picking_label] already exist!
Print sub directory [.\print\2020_03_24\dispatch_label] already exist!

mars 24, 2020 8:52:29 AM ui.UILog log
INFOS: SELECT DISTINCT (cp.project) FROM ConfigProject cp ORDER BY project ASC
mars 24, 2020 8:52:29 AM ui.UILog log
INFOS: SELECT DISTINCT (cp.project) FROM ConfigProject cp ORDER BY project ASC
mars 24, 2020 8:54:29 AM ui.UILog log
INFOS: File 2020_03_24.log already exists.

mars 24, 2020 8:54:29 AM ui.UILog log
INFOS: Daily output print directory [.\print\2020_03_24] already exist!
open_sheet sub directory [.\print\2020_03_24\open_sheet] already exist!
Print sub directory [.\print\2020_03_24\closing_sheet] already exist!
Print sub directory [.\print\2020_03_24\picking_label] already exist!
Print sub directory [.\print\2020_03_24\dispatch_label] already exist!

mars 24, 2020 8:54:30 AM ui.UILog log
INFOS: SELECT DISTINCT (cp.project) FROM ConfigProject cp ORDER BY project ASC
mars 24, 2020 8:54:30 AM ui.UILog log
INFOS: SELECT DISTINCT (cp.project) FROM ConfigProject cp ORDER BY project ASC
mars 24, 2020 8:56:57 AM ui.UILog log
INFOS: File 2020_03_24.log already exists.

mars 24, 2020 8:56:57 AM ui.UILog log
INFOS: Daily output print directory [.\print\2020_03_24] already exist!
open_sheet sub directory [.\print\2020_03_24\open_sheet] already exist!
Print sub directory [.\print\2020_03_24\closing_sheet] already exist!
Print sub directory [.\print\2020_03_24\picking_label] already exist!
Print sub directory [.\print\2020_03_24\dispatch_label] already exist!

mars 24, 2020 8:56:57 AM ui.UILog log
INFOS: SELECT DISTINCT (cp.project) FROM ConfigProject cp ORDER BY project ASC
mars 24, 2020 8:56:57 AM ui.UILog log
INFOS: SELECT DISTINCT (cp.project) FROM ConfigProject cp ORDER BY project ASC
mars 24, 2020 8:59:02 AM ui.UILog log
INFOS: File 2020_03_24.log already exists.

mars 24, 2020 8:59:02 AM ui.UILog log
INFOS: Daily output print directory [.\print\2020_03_24] already exist!
open_sheet sub directory [.\print\2020_03_24\open_sheet] already exist!
Print sub directory [.\print\2020_03_24\closing_sheet] already exist!
Print sub directory [.\print\2020_03_24\picking_label] already exist!
Print sub directory [.\print\2020_03_24\dispatch_label] already exist!

mars 24, 2020 8:59:05 AM ui.UILog log
INFOS: APP_INFO0003 : User EZZIOURI OUSSAMA / 9 connected to host Oussama-PC at 2020-03-24 08:59:05 Module : Configuration : .
mars 24, 2020 8:59:09 AM ui.UILog log
INFOS: SELECT DISTINCT (cp.project) FROM ConfigProject cp ORDER BY project ASC
mars 24, 2020 8:59:09 AM ui.UILog log
INFOS: SELECT DISTINCT (cp.project) FROM ConfigProject cp ORDER BY project ASC
mars 24, 2020 9:12:50 AM ui.UILog log
INFOS: File 2020_03_24.log already exists.

mars 24, 2020 9:12:50 AM ui.UILog log
INFOS: Daily output print directory [.\print\2020_03_24] already exist!
open_sheet sub directory [.\print\2020_03_24\open_sheet] already exist!
Print sub directory [.\print\2020_03_24\closing_sheet] already exist!
Print sub directory [.\print\2020_03_24\picking_label] already exist!
Print sub directory [.\print\2020_03_24\dispatch_label] already exist!

mars 24, 2020 9:12:50 AM ui.UILog log
INFOS: SELECT DISTINCT (cp.project) FROM ConfigProject cp ORDER BY project ASC
mars 24, 2020 9:12:50 AM ui.UILog log
INFOS: SELECT DISTINCT (cp.project) FROM ConfigProject cp ORDER BY project ASC
mars 24, 2020 9:15:42 AM ui.UILog log
INFOS: File 2020_03_24.log already exists.

mars 24, 2020 9:15:42 AM ui.UILog log
INFOS: Daily output print directory [.\print\2020_03_24] already exist!
open_sheet sub directory [.\print\2020_03_24\open_sheet] already exist!
Print sub directory [.\print\2020_03_24\closing_sheet] already exist!
Print sub directory [.\print\2020_03_24\picking_label] already exist!
Print sub directory [.\print\2020_03_24\dispatch_label] already exist!

mars 24, 2020 9:15:42 AM ui.UILog log
INFOS: SELECT DISTINCT (cp.project) FROM ConfigProject cp ORDER BY project ASC
mars 24, 2020 9:15:42 AM ui.UILog log
INFOS: SELECT DISTINCT (cp.project) FROM ConfigProject cp ORDER BY project ASC
mars 24, 2020 9:16:47 AM ui.UILog log
INFOS: File 2020_03_24.log already exists.

mars 24, 2020 9:16:47 AM ui.UILog log
INFOS: Daily output print directory [.\print\2020_03_24] already exist!
open_sheet sub directory [.\print\2020_03_24\open_sheet] already exist!
Print sub directory [.\print\2020_03_24\closing_sheet] already exist!
Print sub directory [.\print\2020_03_24\picking_label] already exist!
Print sub directory [.\print\2020_03_24\dispatch_label] already exist!

mars 24, 2020 9:16:47 AM ui.UILog log
INFOS: SELECT DISTINCT (cp.project) FROM ConfigProject cp ORDER BY project ASC
mars 24, 2020 9:16:47 AM ui.UILog log
INFOS: SELECT DISTINCT (cp.project) FROM ConfigProject cp ORDER BY project ASC
mars 24, 2020 9:21:16 AM ui.UILog log
INFOS: File 2020_03_24.log already exists.

mars 24, 2020 9:21:16 AM ui.UILog log
INFOS: Daily output print directory [.\print\2020_03_24] already exist!
open_sheet sub directory [.\print\2020_03_24\open_sheet] already exist!
Print sub directory [.\print\2020_03_24\closing_sheet] already exist!
Print sub directory [.\print\2020_03_24\picking_label] already exist!
Print sub directory [.\print\2020_03_24\dispatch_label] already exist!

mars 24, 2020 9:21:17 AM ui.UILog log
INFOS: SELECT DISTINCT (cp.project) FROM ConfigProject cp ORDER BY project ASC
mars 24, 2020 9:21:17 AM ui.UILog log
INFOS: SELECT DISTINCT (cp.project) FROM ConfigProject cp ORDER BY project ASC
mars 24, 2020 9:23:41 AM ui.UILog log
INFOS: File 2020_03_24.log already exists.

mars 24, 2020 9:23:41 AM ui.UILog log
INFOS: Daily output print directory [.\print\2020_03_24] already exist!
open_sheet sub directory [.\print\2020_03_24\open_sheet] already exist!
Print sub directory [.\print\2020_03_24\closing_sheet] already exist!
Print sub directory [.\print\2020_03_24\picking_label] already exist!
Print sub directory [.\print\2020_03_24\dispatch_label] already exist!

mars 24, 2020 9:23:42 AM ui.UILog log
INFOS: SELECT DISTINCT (cp.project) FROM ConfigProject cp ORDER BY project ASC
mars 24, 2020 9:23:42 AM ui.UILog log
INFOS: SELECT DISTINCT (cp.project) FROM ConfigProject cp ORDER BY project ASC
mars 24, 2020 9:26:48 AM ui.UILog log
INFOS: File 2020_03_24.log already exists.

mars 24, 2020 9:26:48 AM ui.UILog log
INFOS: Daily output print directory [.\print\2020_03_24] already exist!
open_sheet sub directory [.\print\2020_03_24\open_sheet] already exist!
Print sub directory [.\print\2020_03_24\closing_sheet] already exist!
Print sub directory [.\print\2020_03_24\picking_label] already exist!
Print sub directory [.\print\2020_03_24\dispatch_label] already exist!

mars 24, 2020 9:26:48 AM ui.UILog log
INFOS: SELECT DISTINCT (cp.project) FROM ConfigProject cp ORDER BY project ASC
mars 24, 2020 9:26:48 AM ui.UILog log
INFOS: SELECT DISTINCT (cp.project) FROM ConfigProject cp ORDER BY project ASC
mars 24, 2020 11:21:18 PM ui.UILog log
INFOS: File 2020_03_24.log already exists.

mars 24, 2020 11:21:18 PM ui.UILog log
INFOS: Daily output print directory [.\print\2020_03_24] already exist!
open_sheet sub directory [.\print\2020_03_24\open_sheet] already exist!
Print sub directory [.\print\2020_03_24\closing_sheet] already exist!
Print sub directory [.\print\2020_03_24\picking_label] already exist!
Print sub directory [.\print\2020_03_24\dispatch_label] already exist!

mars 24, 2020 11:21:20 PM ui.UILog log
INFOS: SELECT DISTINCT (cp.project) FROM ConfigProject cp ORDER BY project ASC
mars 24, 2020 11:21:20 PM ui.UILog log
INFOS: SELECT DISTINCT (cp.project) FROM ConfigProject cp ORDER BY project ASC
