mars 23, 2020 2:37:26 PM ui.UILog log
INFOS: File 2020_03_23.log is created!

mars 23, 2020 2:37:26 PM ui.UILog log
INFOS: Daily output print directory [.\print\2020_03_23] created !
open_sheet sub directory [.\print\2020_03_23\open_sheet] created !
Print sub directory [.\print\2020_03_23\closing_sheet] created !
Print sub directory [.\print\2020_03_23\picking_label] created !
Print sub directory [.\print\2020_03_23\dispatch_label] created !

mars 23, 2020 2:37:38 PM ui.UILog log
INFOS: File 2020_03_23.log already exists.

mars 23, 2020 2:37:38 PM ui.UILog log
INFOS: Daily output print directory [.\print\2020_03_23] already exist!
open_sheet sub directory [.\print\2020_03_23\open_sheet] already exist!
Print sub directory [.\print\2020_03_23\closing_sheet] already exist!
Print sub directory [.\print\2020_03_23\picking_label] already exist!
Print sub directory [.\print\2020_03_23\dispatch_label] already exist!

mars 23, 2020 2:37:39 PM ui.UILog log
INFOS: APP_INFO0003 : User EZZIOURI OUSSAMA / 9 connected to host Oussama-PC at 2020-03-23 14:37:39 Module : Configuration : .
mars 23, 2020 2:37:40 PM ui.UILog log
INFOS: SELECT DISTINCT (cp.project) FROM ConfigProject cp ORDER BY project ASC
mars 23, 2020 2:37:42 PM ui.UILog log
INFOS: SELECT DISTINCT (cp.project) FROM ConfigProject cp ORDER BY project ASC
mars 23, 2020 2:54:14 PM ui.UILog log
INFOS: File 2020_03_23.log already exists.

mars 23, 2020 2:54:14 PM ui.UILog log
INFOS: Daily output print directory [.\print\2020_03_23] already exist!
open_sheet sub directory [.\print\2020_03_23\open_sheet] already exist!
Print sub directory [.\print\2020_03_23\closing_sheet] already exist!
Print sub directory [.\print\2020_03_23\picking_label] already exist!
Print sub directory [.\print\2020_03_23\dispatch_label] already exist!

mars 23, 2020 2:54:15 PM ui.UILog log
INFOS: APP_INFO0003 : User EZZIOURI OUSSAMA / 9 connected to host Oussama-PC at 2020-03-23 14:54:15 Module : Configuration : .
mars 23, 2020 2:54:17 PM ui.UILog log
INFOS: SELECT DISTINCT (cp.project) FROM ConfigProject cp ORDER BY project ASC
mars 23, 2020 2:54:19 PM ui.UILog log
INFOS: SELECT DISTINCT (cp.project) FROM ConfigProject cp ORDER BY project ASC
mars 23, 2020 2:58:02 PM ui.UILog log
INFOS: File 2020_03_23.log already exists.

mars 23, 2020 2:58:02 PM ui.UILog log
INFOS: Daily output print directory [.\print\2020_03_23] already exist!
open_sheet sub directory [.\print\2020_03_23\open_sheet] already exist!
Print sub directory [.\print\2020_03_23\closing_sheet] already exist!
Print sub directory [.\print\2020_03_23\picking_label] already exist!
Print sub directory [.\print\2020_03_23\dispatch_label] already exist!

mars 23, 2020 2:58:12 PM ui.UILog log
INFOS: APP_INFO0003 : User EZZIOURI OUSSAMA / 9 connected to host Oussama-PC at 2020-03-23 14:58:12 Module : Configuration : .
mars 23, 2020 2:58:14 PM ui.UILog log
INFOS: SELECT DISTINCT (cp.project) FROM ConfigProject cp ORDER BY project ASC
mars 23, 2020 2:58:21 PM ui.UILog log
INFOS: SELECT DISTINCT (cp.project) FROM ConfigProject cp ORDER BY project ASC
mars 23, 2020 3:08:10 PM ui.UILog log
INFOS: File 2020_03_23.log already exists.

mars 23, 2020 3:08:10 PM ui.UILog log
INFOS: Daily output print directory [.\print\2020_03_23] already exist!
open_sheet sub directory [.\print\2020_03_23\open_sheet] already exist!
Print sub directory [.\print\2020_03_23\closing_sheet] already exist!
Print sub directory [.\print\2020_03_23\picking_label] already exist!
Print sub directory [.\print\2020_03_23\dispatch_label] already exist!

mars 23, 2020 3:08:11 PM ui.UILog log
INFOS: APP_INFO0003 : User EZZIOURI OUSSAMA / 9 connected to host Oussama-PC at 2020-03-23 15:08:11 Module : Configuration : .
mars 23, 2020 3:08:13 PM ui.UILog log
INFOS: SELECT DISTINCT (cp.project) FROM ConfigProject cp ORDER BY project ASC
mars 23, 2020 3:08:16 PM ui.UILog log
INFOS: SELECT DISTINCT (cp.project) FROM ConfigProject cp ORDER BY project ASC
mars 23, 2020 3:08:58 PM ui.UILog log
INFOS: File 2020_03_23.log already exists.

mars 23, 2020 3:08:58 PM ui.UILog log
INFOS: Daily output print directory [.\print\2020_03_23] already exist!
open_sheet sub directory [.\print\2020_03_23\open_sheet] already exist!
Print sub directory [.\print\2020_03_23\closing_sheet] already exist!
Print sub directory [.\print\2020_03_23\picking_label] already exist!
Print sub directory [.\print\2020_03_23\dispatch_label] already exist!

mars 23, 2020 3:08:59 PM ui.UILog log
INFOS: APP_INFO0003 : User EZZIOURI OUSSAMA / 9 connected to host Oussama-PC at 2020-03-23 15:08:59 Module : Configuration : .
mars 23, 2020 3:09:02 PM ui.UILog log
INFOS: SELECT DISTINCT (cp.project) FROM ConfigProject cp ORDER BY project ASC
mars 23, 2020 3:09:05 PM ui.UILog log
INFOS: SELECT DISTINCT (cp.project) FROM ConfigProject cp ORDER BY project ASC
mars 23, 2020 3:12:38 PM ui.UILog log
INFOS: File 2020_03_23.log already exists.

mars 23, 2020 3:12:38 PM ui.UILog log
INFOS: Daily output print directory [.\print\2020_03_23] already exist!
open_sheet sub directory [.\print\2020_03_23\open_sheet] already exist!
Print sub directory [.\print\2020_03_23\closing_sheet] already exist!
Print sub directory [.\print\2020_03_23\picking_label] already exist!
Print sub directory [.\print\2020_03_23\dispatch_label] already exist!

mars 23, 2020 3:12:39 PM ui.UILog log
INFOS: APP_INFO0003 : User EZZIOURI OUSSAMA / 9 connected to host Oussama-PC at 2020-03-23 15:12:39 Module : Configuration : .
mars 23, 2020 3:12:41 PM ui.UILog log
INFOS: SELECT DISTINCT (cp.project) FROM ConfigProject cp ORDER BY project ASC
mars 23, 2020 3:12:44 PM ui.UILog log
INFOS: SELECT DISTINCT (cp.project) FROM ConfigProject cp ORDER BY project ASC
mars 23, 2020 3:15:08 PM ui.UILog log
INFOS: File 2020_03_23.log already exists.

mars 23, 2020 3:15:08 PM ui.UILog log
INFOS: Daily output print directory [.\print\2020_03_23] already exist!
open_sheet sub directory [.\print\2020_03_23\open_sheet] already exist!
Print sub directory [.\print\2020_03_23\closing_sheet] already exist!
Print sub directory [.\print\2020_03_23\picking_label] already exist!
Print sub directory [.\print\2020_03_23\dispatch_label] already exist!

mars 23, 2020 3:15:09 PM ui.UILog log
INFOS: APP_INFO0003 : User EZZIOURI OUSSAMA / 9 connected to host Oussama-PC at 2020-03-23 15:15:09 Module : Configuration : .
mars 23, 2020 3:15:10 PM ui.UILog log
INFOS: SELECT DISTINCT (cp.project) FROM ConfigProject cp ORDER BY project ASC
mars 23, 2020 3:15:13 PM ui.UILog log
INFOS: SELECT DISTINCT (cp.project) FROM ConfigProject cp ORDER BY project ASC
mars 23, 2020 3:19:48 PM ui.UILog log
INFOS: File 2020_03_23.log already exists.

mars 23, 2020 3:19:48 PM ui.UILog log
INFOS: Daily output print directory [.\print\2020_03_23] already exist!
open_sheet sub directory [.\print\2020_03_23\open_sheet] already exist!
Print sub directory [.\print\2020_03_23\closing_sheet] already exist!
Print sub directory [.\print\2020_03_23\picking_label] already exist!
Print sub directory [.\print\2020_03_23\dispatch_label] already exist!

mars 23, 2020 3:20:00 PM ui.UILog log
INFOS: APP_INFO0003 : User EZZIOURI OUSSAMA / 9 connected to host Oussama-PC at 2020-03-23 15:20:00 Module : Configuration : .
mars 23, 2020 3:20:02 PM ui.UILog log
INFOS: SELECT DISTINCT (cp.project) FROM ConfigProject cp ORDER BY project ASC
mars 23, 2020 3:20:04 PM ui.UILog log
INFOS: SELECT DISTINCT (cp.project) FROM ConfigProject cp ORDER BY project ASC
mars 23, 2020 3:26:09 PM ui.UILog log
INFOS: File 2020_03_23.log already exists.

mars 23, 2020 3:26:09 PM ui.UILog log
INFOS: Daily output print directory [.\print\2020_03_23] already exist!
open_sheet sub directory [.\print\2020_03_23\open_sheet] already exist!
Print sub directory [.\print\2020_03_23\closing_sheet] already exist!
Print sub directory [.\print\2020_03_23\picking_label] already exist!
Print sub directory [.\print\2020_03_23\dispatch_label] already exist!

mars 23, 2020 3:26:10 PM ui.UILog log
INFOS: APP_INFO0003 : User EZZIOURI OUSSAMA / 9 connected to host Oussama-PC at 2020-03-23 15:26:10 Module : Configuration : .
mars 23, 2020 3:26:12 PM ui.UILog log
INFOS: SELECT DISTINCT (cp.project) FROM ConfigProject cp ORDER BY project ASC
mars 23, 2020 3:26:15 PM ui.UILog log
INFOS: SELECT DISTINCT (cp.project) FROM ConfigProject cp ORDER BY project ASC
mars 23, 2020 3:27:12 PM ui.UILog log
INFOS: SELECT DISTINCT (cp.project) FROM ConfigProject cp ORDER BY project ASC
mars 23, 2020 3:27:38 PM ui.UILog log
INFOS: SELECT DISTINCT (cp.project) FROM ConfigProject cp ORDER BY project ASC
mars 23, 2020 3:27:46 PM ui.UILog log
INFOS: FROM ConfigWorkplace bp ORDER BY workplace ASC
mars 23, 2020 3:29:14 PM ui.UILog log
INFOS: FROM ConfigWorkplace bp ORDER BY workplace ASC
mars 23, 2020 3:30:48 PM ui.UILog log
INFOS: File 2020_03_23.log already exists.

mars 23, 2020 3:30:48 PM ui.UILog log
INFOS: Daily output print directory [.\print\2020_03_23] already exist!
open_sheet sub directory [.\print\2020_03_23\open_sheet] already exist!
Print sub directory [.\print\2020_03_23\closing_sheet] already exist!
Print sub directory [.\print\2020_03_23\picking_label] already exist!
Print sub directory [.\print\2020_03_23\dispatch_label] already exist!

mars 23, 2020 3:30:49 PM ui.UILog log
INFOS: APP_INFO0003 : User EZZIOURI OUSSAMA / 9 connected to host Oussama-PC at 2020-03-23 15:30:49 Module : Configuration : .
mars 23, 2020 3:30:51 PM ui.UILog log
INFOS: SELECT DISTINCT (cp.project) FROM ConfigProject cp ORDER BY project ASC
mars 23, 2020 3:33:33 PM ui.UILog log
INFOS: File 2020_03_23.log already exists.

mars 23, 2020 3:33:33 PM ui.UILog log
INFOS: Daily output print directory [.\print\2020_03_23] already exist!
open_sheet sub directory [.\print\2020_03_23\open_sheet] already exist!
Print sub directory [.\print\2020_03_23\closing_sheet] already exist!
Print sub directory [.\print\2020_03_23\picking_label] already exist!
Print sub directory [.\print\2020_03_23\dispatch_label] already exist!

mars 23, 2020 3:33:34 PM ui.UILog log
INFOS: APP_INFO0003 : User EZZIOURI OUSSAMA / 9 connected to host Oussama-PC at 2020-03-23 15:33:34 Module : Configuration : .
mars 23, 2020 3:33:36 PM ui.UILog log
INFOS: SELECT DISTINCT (cp.project) FROM ConfigProject cp ORDER BY project ASC
mars 23, 2020 3:34:22 PM ui.UILog log
INFOS: SELECT DISTINCT (cp.project) FROM ConfigProject cp ORDER BY project ASC
mars 23, 2020 4:04:23 PM ui.UILog log
INFOS: File 2020_03_23.log already exists.

mars 23, 2020 4:04:23 PM ui.UILog log
INFOS: Daily output print directory [.\print\2020_03_23] already exist!
open_sheet sub directory [.\print\2020_03_23\open_sheet] already exist!
Print sub directory [.\print\2020_03_23\closing_sheet] already exist!
Print sub directory [.\print\2020_03_23\picking_label] already exist!
Print sub directory [.\print\2020_03_23\dispatch_label] already exist!

mars 23, 2020 4:36:51 PM ui.UILog log
INFOS: File 2020_03_23.log already exists.

mars 23, 2020 4:36:51 PM ui.UILog log
INFOS: Daily output print directory [.\print\2020_03_23] already exist!
open_sheet sub directory [.\print\2020_03_23\open_sheet] already exist!
Print sub directory [.\print\2020_03_23\closing_sheet] already exist!
Print sub directory [.\print\2020_03_23\picking_label] already exist!
Print sub directory [.\print\2020_03_23\dispatch_label] already exist!

mars 23, 2020 4:36:52 PM ui.UILog log
INFOS: APP_INFO0003 : User EZZIOURI OUSSAMA / 9 connected to host Oussama-PC at 2020-03-23 16:36:52 Module : Configuration : .
mars 23, 2020 4:36:55 PM ui.UILog log
INFOS: SELECT DISTINCT (cp.project) FROM ConfigProject cp ORDER BY project ASC
mars 23, 2020 4:36:57 PM ui.UILog log
INFOS: SELECT DISTINCT (cp.project) FROM ConfigProject cp ORDER BY project ASC
mars 23, 2020 4:37:08 PM ui.UILog log
INFOS: SELECT DISTINCT (cp.project) FROM ConfigProject cp ORDER BY project ASC
mars 23, 2020 4:37:10 PM ui.UILog log
INFOS: SELECT DISTINCT (cp.project) FROM ConfigProject cp ORDER BY project ASC
mars 23, 2020 4:39:28 PM ui.UILog log
INFOS: File 2020_03_23.log already exists.

mars 23, 2020 4:39:28 PM ui.UILog log
INFOS: Daily output print directory [.\print\2020_03_23] already exist!
open_sheet sub directory [.\print\2020_03_23\open_sheet] already exist!
Print sub directory [.\print\2020_03_23\closing_sheet] already exist!
Print sub directory [.\print\2020_03_23\picking_label] already exist!
Print sub directory [.\print\2020_03_23\dispatch_label] already exist!

mars 23, 2020 4:39:36 PM ui.UILog log
INFOS: APP_INFO0003 : User EZZIOURI OUSSAMA / 9 connected to host Oussama-PC at 2020-03-23 16:39:36 Module : Configuration : .
mars 23, 2020 4:39:40 PM ui.UILog log
INFOS: SELECT DISTINCT (cp.project) FROM ConfigProject cp ORDER BY project ASC
mars 23, 2020 4:41:50 PM ui.UILog log
INFOS: File 2020_03_23.log already exists.

mars 23, 2020 4:41:50 PM ui.UILog log
INFOS: Daily output print directory [.\print\2020_03_23] already exist!
open_sheet sub directory [.\print\2020_03_23\open_sheet] already exist!
Print sub directory [.\print\2020_03_23\closing_sheet] already exist!
Print sub directory [.\print\2020_03_23\picking_label] already exist!
Print sub directory [.\print\2020_03_23\dispatch_label] already exist!

mars 23, 2020 4:41:51 PM ui.UILog log
INFOS: APP_INFO0003 : User EZZIOURI OUSSAMA / 9 connected to host Oussama-PC at 2020-03-23 16:41:51 Module : Configuration : .
mars 23, 2020 4:41:53 PM ui.UILog log
INFOS: SELECT DISTINCT (cp.project) FROM ConfigProject cp ORDER BY project ASC
mars 23, 2020 4:41:57 PM ui.UILog log
INFOS: SELECT DISTINCT (cp.project) FROM ConfigProject cp ORDER BY project ASC
mars 23, 2020 5:12:01 PM ui.UILog log
INFOS: File 2020_03_23.log already exists.

mars 23, 2020 5:12:01 PM ui.UILog log
INFOS: Daily output print directory [.\print\2020_03_23] already exist!
open_sheet sub directory [.\print\2020_03_23\open_sheet] already exist!
Print sub directory [.\print\2020_03_23\closing_sheet] already exist!
Print sub directory [.\print\2020_03_23\picking_label] already exist!
Print sub directory [.\print\2020_03_23\dispatch_label] already exist!

mars 23, 2020 9:19:32 PM ui.UILog log
INFOS: File 2020_03_23.log already exists.

mars 23, 2020 9:19:32 PM ui.UILog log
INFOS: Daily output print directory [.\print\2020_03_23] already exist!
open_sheet sub directory [.\print\2020_03_23\open_sheet] already exist!
Print sub directory [.\print\2020_03_23\closing_sheet] already exist!
Print sub directory [.\print\2020_03_23\picking_label] already exist!
Print sub directory [.\print\2020_03_23\dispatch_label] already exist!

mars 23, 2020 9:19:34 PM ui.UILog log
INFOS: APP_INFO0003 : User EZZIOURI OUSSAMA / 9 connected to host Oussama-PC at 2020-03-23 21:19:34 Module : Configuration : .
mars 23, 2020 9:20:08 PM ui.UILog log
INFOS: SELECT DISTINCT (cp.project) FROM ConfigProject cp ORDER BY project ASC
mars 23, 2020 9:21:11 PM ui.UILog log
INFOS: SELECT DISTINCT (cp.project) FROM ConfigProject cp ORDER BY project ASC
mars 23, 2020 9:22:38 PM ui.UILog log
INFOS: File 2020_03_23.log already exists.

mars 23, 2020 9:22:38 PM ui.UILog log
INFOS: Daily output print directory [.\print\2020_03_23] already exist!
open_sheet sub directory [.\print\2020_03_23\open_sheet] already exist!
Print sub directory [.\print\2020_03_23\closing_sheet] already exist!
Print sub directory [.\print\2020_03_23\picking_label] already exist!
Print sub directory [.\print\2020_03_23\dispatch_label] already exist!

mars 23, 2020 9:22:40 PM ui.UILog log
INFOS: APP_INFO0003 : User EZZIOURI OUSSAMA / 9 connected to host Oussama-PC at 2020-03-23 21:22:40 Module : Configuration : .
mars 23, 2020 9:22:44 PM ui.UILog log
INFOS: SELECT DISTINCT (cp.project) FROM ConfigProject cp ORDER BY project ASC
mars 23, 2020 9:22:46 PM ui.UILog log
INFOS: SELECT DISTINCT (cp.project) FROM ConfigProject cp ORDER BY project ASC
mars 23, 2020 9:25:18 PM ui.UILog log
INFOS: File 2020_03_23.log already exists.

mars 23, 2020 9:25:18 PM ui.UILog log
INFOS: Daily output print directory [.\print\2020_03_23] already exist!
open_sheet sub directory [.\print\2020_03_23\open_sheet] already exist!
Print sub directory [.\print\2020_03_23\closing_sheet] already exist!
Print sub directory [.\print\2020_03_23\picking_label] already exist!
Print sub directory [.\print\2020_03_23\dispatch_label] already exist!

mars 23, 2020 9:25:25 PM ui.UILog log
INFOS: APP_INFO0003 : User EZZIOURI OUSSAMA / 9 connected to host Oussama-PC at 2020-03-23 21:25:25 Module : Configuration : .
mars 23, 2020 9:25:29 PM ui.UILog log
INFOS: SELECT DISTINCT (cp.project) FROM ConfigProject cp ORDER BY project ASC
mars 23, 2020 9:25:34 PM ui.UILog log
INFOS: SELECT DISTINCT (cp.project) FROM ConfigProject cp ORDER BY project ASC
mars 23, 2020 9:53:20 PM ui.UILog log
INFOS: File 2020_03_23.log already exists.

mars 23, 2020 9:53:20 PM ui.UILog log
INFOS: Daily output print directory [.\print\2020_03_23] already exist!
open_sheet sub directory [.\print\2020_03_23\open_sheet] already exist!
Print sub directory [.\print\2020_03_23\closing_sheet] already exist!
Print sub directory [.\print\2020_03_23\picking_label] already exist!
Print sub directory [.\print\2020_03_23\dispatch_label] already exist!

mars 23, 2020 9:53:21 PM ui.UILog log
INFOS: APP_INFO0003 : User EZZIOURI OUSSAMA / 9 connected to host Oussama-PC at 2020-03-23 21:53:21 Module : Configuration : .
mars 23, 2020 9:53:24 PM ui.UILog log
INFOS: SELECT DISTINCT (cp.project) FROM ConfigProject cp ORDER BY project ASC
mars 23, 2020 9:53:26 PM ui.UILog log
INFOS: SELECT DISTINCT (cp.project) FROM ConfigProject cp ORDER BY project ASC
mars 23, 2020 9:54:25 PM ui.UILog log
INFOS: File 2020_03_23.log already exists.

mars 23, 2020 9:54:25 PM ui.UILog log
INFOS: Daily output print directory [.\print\2020_03_23] already exist!
open_sheet sub directory [.\print\2020_03_23\open_sheet] already exist!
Print sub directory [.\print\2020_03_23\closing_sheet] already exist!
Print sub directory [.\print\2020_03_23\picking_label] already exist!
Print sub directory [.\print\2020_03_23\dispatch_label] already exist!

mars 23, 2020 9:54:27 PM ui.UILog log
INFOS: APP_INFO0003 : User EZZIOURI OUSSAMA / 9 connected to host Oussama-PC at 2020-03-23 21:54:27 Module : Configuration : .
mars 23, 2020 9:54:30 PM ui.UILog log
INFOS: SELECT DISTINCT (cp.project) FROM ConfigProject cp ORDER BY project ASC
mars 23, 2020 9:54:35 PM ui.UILog log
INFOS: SELECT DISTINCT (cp.project) FROM ConfigProject cp ORDER BY project ASC
mars 23, 2020 9:54:52 PM ui.UILog log
INFOS: SELECT DISTINCT (cp.project) FROM ConfigProject cp ORDER BY project ASC
mars 23, 2020 9:58:25 PM ui.UILog log
INFOS: File 2020_03_23.log already exists.

mars 23, 2020 9:58:25 PM ui.UILog log
INFOS: Daily output print directory [.\print\2020_03_23] already exist!
open_sheet sub directory [.\print\2020_03_23\open_sheet] already exist!
Print sub directory [.\print\2020_03_23\closing_sheet] already exist!
Print sub directory [.\print\2020_03_23\picking_label] already exist!
Print sub directory [.\print\2020_03_23\dispatch_label] already exist!

mars 23, 2020 9:58:27 PM ui.UILog log
INFOS: APP_INFO0003 : User EZZIOURI OUSSAMA / 9 connected to host Oussama-PC at 2020-03-23 21:58:27 Module : Configuration : .
mars 23, 2020 9:58:30 PM ui.UILog log
INFOS: SELECT DISTINCT (cp.project) FROM ConfigProject cp ORDER BY project ASC
mars 23, 2020 9:59:12 PM ui.UILog log
INFOS: File 2020_03_23.log already exists.

mars 23, 2020 9:59:12 PM ui.UILog log
INFOS: Daily output print directory [.\print\2020_03_23] already exist!
open_sheet sub directory [.\print\2020_03_23\open_sheet] already exist!
Print sub directory [.\print\2020_03_23\closing_sheet] already exist!
Print sub directory [.\print\2020_03_23\picking_label] already exist!
Print sub directory [.\print\2020_03_23\dispatch_label] already exist!

mars 23, 2020 9:59:14 PM ui.UILog log
INFOS: APP_INFO0003 : User EZZIOURI OUSSAMA / 9 connected to host Oussama-PC at 2020-03-23 21:59:14 Module : Configuration : .
mars 23, 2020 9:59:16 PM ui.UILog log
INFOS: SELECT DISTINCT (cp.project) FROM ConfigProject cp ORDER BY project ASC
mars 23, 2020 9:59:16 PM ui.UILog log
INFOS: SELECT DISTINCT (cp.project) FROM ConfigProject cp ORDER BY project ASC
mars 23, 2020 10:00:32 PM ui.UILog log
INFOS: File 2020_03_23.log already exists.

mars 23, 2020 10:00:32 PM ui.UILog log
INFOS: Daily output print directory [.\print\2020_03_23] already exist!
open_sheet sub directory [.\print\2020_03_23\open_sheet] already exist!
Print sub directory [.\print\2020_03_23\closing_sheet] already exist!
Print sub directory [.\print\2020_03_23\picking_label] already exist!
Print sub directory [.\print\2020_03_23\dispatch_label] already exist!

mars 23, 2020 10:00:33 PM ui.UILog log
INFOS: APP_INFO0003 : User EZZIOURI OUSSAMA / 9 connected to host Oussama-PC at 2020-03-23 22:00:33 Module : Configuration : .
mars 23, 2020 10:00:40 PM ui.UILog log
INFOS: SELECT DISTINCT (cp.project) FROM ConfigProject cp ORDER BY project ASC
mars 23, 2020 10:00:40 PM ui.UILog log
INFOS: SELECT DISTINCT (cp.project) FROM ConfigProject cp ORDER BY project ASC
mars 23, 2020 10:05:05 PM ui.UILog log
INFOS: File 2020_03_23.log already exists.

mars 23, 2020 10:05:05 PM ui.UILog log
INFOS: Daily output print directory [.\print\2020_03_23] already exist!
open_sheet sub directory [.\print\2020_03_23\open_sheet] already exist!
Print sub directory [.\print\2020_03_23\closing_sheet] already exist!
Print sub directory [.\print\2020_03_23\picking_label] already exist!
Print sub directory [.\print\2020_03_23\dispatch_label] already exist!

mars 23, 2020 10:05:22 PM ui.UILog log
INFOS: APP_INFO0003 : User EZZIOURI OUSSAMA / 9 connected to host Oussama-PC at 2020-03-23 22:05:22 Module : Configuration : .
mars 23, 2020 10:11:38 PM ui.UILog log
INFOS: SELECT DISTINCT (cp.project) FROM ConfigProject cp ORDER BY project ASC
mars 23, 2020 10:11:38 PM ui.UILog log
INFOS: SELECT DISTINCT (cp.project) FROM ConfigProject cp ORDER BY project ASC
mars 23, 2020 10:12:35 PM ui.UILog log
INFOS: File 2020_03_23.log already exists.

mars 23, 2020 10:12:35 PM ui.UILog log
INFOS: Daily output print directory [.\print\2020_03_23] already exist!
open_sheet sub directory [.\print\2020_03_23\open_sheet] already exist!
Print sub directory [.\print\2020_03_23\closing_sheet] already exist!
Print sub directory [.\print\2020_03_23\picking_label] already exist!
Print sub directory [.\print\2020_03_23\dispatch_label] already exist!

mars 23, 2020 10:12:39 PM ui.UILog log
INFOS: APP_INFO0003 : User EZZIOURI OUSSAMA / 9 connected to host Oussama-PC at 2020-03-23 22:12:39 Module : Configuration : .
mars 23, 2020 10:12:41 PM ui.UILog log
INFOS: SELECT DISTINCT (cp.project) FROM ConfigProject cp ORDER BY project ASC
mars 23, 2020 10:12:41 PM ui.UILog log
INFOS: SELECT DISTINCT (cp.project) FROM ConfigProject cp ORDER BY project ASC
mars 23, 2020 10:14:28 PM ui.UILog log
INFOS: File 2020_03_23.log already exists.

mars 23, 2020 10:14:28 PM ui.UILog log
INFOS: Daily output print directory [.\print\2020_03_23] already exist!
open_sheet sub directory [.\print\2020_03_23\open_sheet] already exist!
Print sub directory [.\print\2020_03_23\closing_sheet] already exist!
Print sub directory [.\print\2020_03_23\picking_label] already exist!
Print sub directory [.\print\2020_03_23\dispatch_label] already exist!

mars 23, 2020 10:14:35 PM ui.UILog log
INFOS: APP_INFO0003 : User EZZIOURI OUSSAMA / 9 connected to host Oussama-PC at 2020-03-23 22:14:35 Module : Configuration : .
mars 23, 2020 10:14:51 PM ui.UILog log
INFOS: SELECT DISTINCT (cp.project) FROM ConfigProject cp ORDER BY project ASC
mars 23, 2020 10:14:51 PM ui.UILog log
INFOS: SELECT DISTINCT (cp.project) FROM ConfigProject cp ORDER BY project ASC
mars 23, 2020 10:17:17 PM ui.UILog log
INFOS: File 2020_03_23.log already exists.

mars 23, 2020 10:17:17 PM ui.UILog log
INFOS: Daily output print directory [.\print\2020_03_23] already exist!
open_sheet sub directory [.\print\2020_03_23\open_sheet] already exist!
Print sub directory [.\print\2020_03_23\closing_sheet] already exist!
Print sub directory [.\print\2020_03_23\picking_label] already exist!
Print sub directory [.\print\2020_03_23\dispatch_label] already exist!

mars 23, 2020 10:17:19 PM ui.UILog log
INFOS: APP_INFO0003 : User EZZIOURI OUSSAMA / 9 connected to host Oussama-PC at 2020-03-23 22:17:19 Module : Configuration : .
mars 23, 2020 10:17:22 PM ui.UILog log
INFOS: SELECT DISTINCT (cp.project) FROM ConfigProject cp ORDER BY project ASC
mars 23, 2020 10:17:22 PM ui.UILog log
INFOS: SELECT DISTINCT (cp.project) FROM ConfigProject cp ORDER BY project ASC
mars 23, 2020 10:23:36 PM ui.UILog log
INFOS: File 2020_03_23.log already exists.

mars 23, 2020 10:23:36 PM ui.UILog log
INFOS: Daily output print directory [.\print\2020_03_23] already exist!
open_sheet sub directory [.\print\2020_03_23\open_sheet] already exist!
Print sub directory [.\print\2020_03_23\closing_sheet] already exist!
Print sub directory [.\print\2020_03_23\picking_label] already exist!
Print sub directory [.\print\2020_03_23\dispatch_label] already exist!

mars 23, 2020 10:23:40 PM ui.UILog log
INFOS: APP_INFO0003 : User EZZIOURI OUSSAMA / 9 connected to host Oussama-PC at 2020-03-23 22:23:40 Module : Configuration : .
mars 23, 2020 10:23:44 PM ui.UILog log
INFOS: SELECT DISTINCT (cp.project) FROM ConfigProject cp ORDER BY project ASC
mars 23, 2020 10:23:44 PM ui.UILog log
INFOS: SELECT DISTINCT (cp.project) FROM ConfigProject cp ORDER BY project ASC
